make all --print-data-base --no-builtin-variables --no-builtin-rules --question
# GNU Make 3.81
# Copyright (C) 2006  Free Software Foundation, Inc.
# This is free software; see the source for copying conditions.
# There is NO warranty; not even for MERCHANTABILITY or FITNESS FOR A
# PARTICULAR PURPOSE.

# This program built for i386-apple-darwin11.3.0
 

# Make data base, printed on Tue Jun 14 14:09:18 2022

# Variables

# automatic
<D = $(patsubst %/,%,$(dir $<))
# automatic
?F = $(notdir $?)
# environment
VSCODE_LOG_NATIVE = false
# makefile (from `makefile', line 2)
STACK = $(USER)-ec2-stack-full
# automatic
?D = $(patsubst %/,%,$(dir $?))
# automatic
@D = $(patsubst %/,%,$(dir $@))
# automatic
 
@F = $(notdir $@)
# makefile
CURDIR := /Users/hkozu/Documents/GitHub/DBS_Epic2
# makefile
SHELL = /bin/sh
# environment
VSCODE_NLS_CONFIG = {"locale":"pl","availableLanguages":{"*":"pl"},"_languagePackId":"c8befbfa7cd5d8527d842a3af66dca21.pl","_translationsConfigFile":"/Users/hkozu/Library/Application Support/Code/clp/c8befbfa7cd5d8527d842a3af66dca21.pl/tcf.json","_cacheRoot":"/Users/hkozu/Library/Application Support/Code/clp/c8befbfa7cd5d8527d842a3af66dca21.pl","_resolvedLanguagePackCoreLocation":"/Users/hkozu/Library/Application Support/Code/clp/c8befbfa7cd5d8527d842a3af66dca21.pl/da15b6fd3ef856477bf6f4fb29ba1b7af717770d","_corruptedFile":"/Users/hkozu/Library/Application Support/Code/clp/c8befbfa7cd5d8527d842a3af66dca21.pl/corrupted.info","_languagePackSupport":true}
# environment
_ = /usr/bin/make
# makefile (from `makefile', line 1)
MAKEFILE_LIST :=  makefile
# environment
VSCODE_VERBOSE_LOGGING = true
# environment
__CFBundleIdentifier = com.microsoft.VSCode
# environment
INFOPATH = /opt/homebrew/share/info:/opt/homebrew/share/info:
# environment
VSCODE_IPC_HOOK_EXTHOST = /var/folders/tv/lhb1w5rs60g1_k8nhh1dzqf80000gq/T/vscode-ipc-4549f48b-e7c2-458b-aa5d-6f2bef13ea6c.sock
# environment
VSCODE_CWD = /
# makefile (from `makefile', line 3)
BUCKET = $(USER)-s3-bucket
# environment
PATH = /opt/homebrew/bin:/opt/homebrew/sbin:/usr/local/bin:/usr/bin:/bin:/usr/sbin:/sbin:/opt/homebrew/bin:/opt/homebrew/sbin
# environment
LaunchInstanceID = E9F6FBDE-0FF1-499C-8A27-878E6B2A4602
# environment
VSCODE_LOG_STACK = false
# environment
ELECTRON_RUN_AS_NODE = 1
# default
.FEATURES := target-specific order-only second-expansion else-if archives jobserver check-symlink
# environment
SSH_AUTH_SOCK = /private/tmp/com.apple.launchd.6zrZfGaaPN/Listeners
# automatic
%F = $(notdir $%)
# makefile (from `makefile', line 7)
URL = "s3://$(BUCKET)/$(TEMPLATE)"
# environment
VSCODE_PIPE_LOGGING = true
# environment
PWD = /Users/hkozu/Documents/GitHub/DBS_Epic2
# environment
HOMEBREW_CELLAR = /opt/homebrew/Cellar
# environment
ORIGINAL_XDG_CURRENT_DESKTOP = undefined
# environment
MANPATH = /opt/homebrew/share/man:/usr/share/man:/usr/local/share/man:/opt/homebrew/share/man:
# environment
VSCODE_AMD_ENTRYPOINT = vs/workbench/api/node/extensionHostProcess
# environment
HOME = /Users/hkozu
# default
MAKEFILEPATH = $(shell /usr/bin/xcode-select -print-path 2>/dev/null || echo /Developer)/Makefiles
# environment
VSCODE_CODE_CACHE_PATH = /Users/hkozu/Library/Application Support/Code/CachedData/da15b6fd3ef856477bf6f4fb29ba1b7af717770d
# environment
LOGNAME = hkozu
# environment
APPLICATION_INSIGHTS_NO_DIAGNOSTIC_CHANNEL = true
# environment
VSCODE_HANDLES_UNCAUGHT_ERRORS = true
# automatic
^D = $(patsubst %/,%,$(dir $^))
# makefile (from `makefile', line 5)
TEMPLATE = "cloudformation_template.yaml"
# environment
XPC_FLAGS = 0x0
# default
MAKE = $(MAKE_COMMAND)
# default
MAKECMDGOALS := all
# environment
SHLVL = 1
# environment
LOCAL_GIT_DIRECTORY = /Applications/GitHub Desktop.app/Contents/Resources/app/git
# makefile (from `makefile', line 9)
version := 3
# default
MAKE_VERSION := 3.81
# makefile (from `makefile', line 1)
USER = hkozu
# makefile
.DEFAULT_GOAL := environment
# automatic
%D = $(patsubst %/,%,$(dir $%))
# makefile (from `makefile', line 6)
CAPABILITIES = CAPABILITY_NAMED_IAM
# default
MAKE_COMMAND := /Library/Developer/CommandLineTools/usr/bin/make
# default
.VARIABLES := 
# environment
TMPDIR = /var/folders/tv/lhb1w5rs60g1_k8nhh1dzqf80000gq/T/
# automatic
*F = $(notdir $*)
# environment
VSCODE_IPC_HOOK = /Users/hkozu/Library/Application Support/Code/1.67.1-main.sock
# makefile
MAKEFLAGS = Rrqp
# environment
MFLAGS = -Rrqp
# automatic
*D = $(patsubst %/,%,$(dir $*))
# environment
XPC_SERVICE_NAME = application.com.microsoft.VSCode.2599482.2599488
# environment
HOMEBREW_PREFIX = /opt/homebrew
# automatic
+D = $(patsubst %/,%,$(dir $+))
# automatic
+F = $(notdir $+)
# makefile (from `makefile', line 4)
REGION = eu-central-1
# environment
HOMEBREW_REPOSITORY = /opt/homebrew
# environment
__CF_USER_TEXT_ENCODING = 0x1F7:0x1D:0x2A
# environment
COMMAND_MODE = unix2003
# default
MAKEFILES := 
# automatic
<F = $(notdir $<)
# environment
LC_ALL = C
# environment
SECURITYSESSIONID = 186b4
# automatic
^F = $(notdir $^)
# default
SUFFIXES := 
# default
.INCLUDE_DIRS = /usr/local/include
# environment
MAKELEVEL := 0
# environment
LANG = C
# environment
VSCODE_PID = 87560
# variable set hash-table stats:
# Load=77/1024=8%, Rehash=0, Collisions=1/106=1%

# Pattern-specific Variable Values

# No pattern-specific variable values.

# Directories

# . (device 16777231, inode 3748458): 22 files, no impossibilities.

# 22 files, no impossibilities in 1 directories.

# Implicit Rules

# No implicit rules.

# Files

all: environment deploy_stack
#  Command-line target.
#  Implicit rule search has been done.
#  File does not exist.
#  File has been updated.
#  Needs to be updated (-q is set).
# variable set hash-table stats:
# Load=0/32=0%, Rehash=0, Collisions=0/2=0%

check_bucket:
#  Implicit rule search has not been done.
#  Modification time never checked.
#  File has not been updated.
#  commands to execute (from `makefile', line 24):
	aws s3 ls s3://$(BUCKET)
	

cleanup:
#  Implicit rule search has not been done.
#  Modification time never checked.
#  File has not been updated.
#  commands to execute (from `makefile', line 56):
	aws cloudformation delete-stack --stack-name $(STACK)
	aws s3 rm s3://$(BUCKET) --region $(REGION) --recursive
	aws s3 rb s3://$(BUCKET) --region $(REGION)
	

# Not a target:
.SUFFIXES:
#  Implicit rule search has not been done.
#  Modification time never checked.
#  File has not been updated.

get_stacks:
#  Implicit rule search has not been done.
#  Modification time never checked.
#  File has not been updated.
#  commands to execute (from `makefile', line 52):
	aws cloudformation describe-stacks --stack-name $(STACK)
	

test:
#  Implicit rule search has not been done.
#  Modification time never checked.
#  File has not been updated.
#  commands to execute (from `makefile', line 45):
	echo $(TEST)
	

# Not a target:
makefile:
#  Implicit rule search has been done.
#  Last modified 2022-06-10 01:56:33
#  File has been updated.
#  Successfully updated.
# variable set hash-table stats:
# Load=0/32=0%, Rehash=0, Collisions=0/0=0%

deploy_stack: presign
#  Implicit rule search has not been done.
#  Modification time never checked.
#  File has not been updated.
#  commands to execute (from `makefile', line 38):
	aws cloudformation create-stack \
	--stack-name $(STACK) \
	--template-url $(URL_NEW) 
	--capabilities $(CAPABILITIES)
	

upload_template: create_bucket check_bucket
#  Implicit rule search has not been done.
#  Modification time never checked.
#  File has not been updated.
#  commands to execute (from `makefile', line 27):
	aws s3 cp $(TEMPLATE) $(URL) --region=$(REGION) --output=yaml
	

presign: upload_template
#  Implicit rule search has not been done.
#  Modification time never checked.
#  File has not been updated.
#  commands to execute (from `makefile', line 30):
	aws s3 presign $(URL) --expires-in 3600 > "url_template.txt"
	

environment:
#  Implicit rule search has not been done.
#  Implicit/static pattern stem: `'
#  File does not exist.
#  File has been updated.
#  Needs to be updated (-q is set).
# automatic
# @ := environment
# automatic
# % := 
# automatic
# * := 
# automatic
# + := 
# automatic
# | := 
# automatic
# < := 
# automatic
# ^ := 
# automatic
# ? := 
# variable set hash-table stats:
# Load=8/32=25%, Rehash=0, Collisions=1/10=10%
#  commands to execute (from `makefile', line 13):
	brew install python@3.9
	brew install awscli
	brew install awscurl
	pip3 install boto3
	pip3 install jinja2
	

# Not a target:
.DEFAULT:
#  Implicit rule search has not been done.
#  Modification time never checked.
#  File has not been updated.

template_url:
#  Implicit rule search has not been done.
#  Modification time never checked.
#  File has not been updated.
#  commands to execute (from `makefile', line 33):
	$(var) = cat "url_template.txt"
	$(var)
	

create_bucket:
#  Implicit rule search has not been done.
 
#  Modification time never checked.
#  File has not been updated.
#  commands to execute (from `makefile', line 21):
	aws s3 mb s3://$(BUCKET) --region $(REGION) || true
	

# files hash-table stats:
# Load=14/1024=1%, Rehash=0, Collisions=0/34=0%
# VPATH Search Paths

# No `vpath' search paths.

# No general (`VPATH' variable) search path.

# # of strings in strcache: 1
# # of strcache buffers: 1
# strcache size: total = 4096 / max = 4096 / min = 4096 / avg = 4096
# strcache free: total = 4087 / max = 4087 / min = 4087 / avg = 4087

# Finished Make data base on Tue Jun 14 14:09:18 2022

 
